<?xml version="1.0" encoding="UTF-8"?>
<!-- Generated by org.testng.reporters.JUnitXMLReporter -->
<testsuite hostname="DESKTOP-PEI2BF3" ignored="0" name="Free CRM App Test cases" tests="6" failures="0" timestamp="2022-05-20T11:36:58 EDT" time="58.098" errors="0">
  <testcase name="loginTest" time="8.076" classname="com.qa.crm.Tests.LoginTest"/>
  <testcase name="verifyLoginTitleTest" time="1.626" classname="com.qa.crm.Tests.LoginTest"/>
  <testcase name="verifyurlLoginTest" time="0.053" classname="com.qa.crm.Tests.LoginTest"/>
  <testcase name="clickOncalendarlinkTes" time="0.998" classname="com.qa.crm.Tests.HomePageTest"/>
  <testcase name="clickOncontactslinkTes" time="0.936" classname="com.qa.crm.Tests.HomePageTest"/>
  <testcase name="verifyhomePageTitleTest" time="0.005" classname="com.qa.crm.Tests.HomePageTest"/>
</testsuite> <!-- Free CRM App Test cases -->
