<?xml version="1.0" encoding="UTF-8"?>
<!-- Generated by org.testng.reporters.JUnitXMLReporter -->
<testsuite hostname="DESKTOP-PEI2BF3" ignored="0" name="Default test" tests="5" failures="0" timestamp="2022-05-24T10:58:43 EDT" time="73.34" errors="0">
  <testcase name="clickonCreatelinkTest" time="0.078" classname="com.qa.crm.Tests.ContactsPageTest"/>
  <testcase name="createNewContactTest" time="8.188" classname="com.qa.crm.Tests.ContactsPageTest"/>
  <testcase name="createNewContactTest" time="8.278" classname="com.qa.crm.Tests.ContactsPageTest"/>
  <testcase name="createNewContactTest" time="8.175" classname="com.qa.crm.Tests.ContactsPageTest"/>
  <testcase name="verifycontactstextTest" time="0.042" classname="com.qa.crm.Tests.ContactsPageTest"/>
</testsuite> <!-- Default test -->
